# JRE version: OpenJDK Runtime Environment Corretto-17.0.6.10.1 (17.0.6+10) (build 17.0.6+10-LTS)
# Java VM: OpenJDK 64-Bit Server VM Corretto-17.0.6.10.1 (17.0.6+10-LTS, mixed mode, emulated-client, sharing, tiered, compressed oops, compressed class ptrs, g1 gc, windows-amd64)
GC Precious Log:
 CPUs: 12 total, 12 available
 Memory: 8002M
 Large Page Support: Disabled
 NUMA Support: Disabled
 Compressed Oops: Enabled (32-bit)
 Heap Region Size: 1M
 Heap Min Capacity: 8M
 Heap Initial Capacity: 126M
 Heap Max Capacity: 2002M
 Pre-touch: Disabled
 Parallel Workers: 10
 Concurrent Workers: 3
 Concurrent Refinement Workers: 10
 Periodic GC: Disabled
Heap:
 garbage-first heap   total 71680K, used 29639K [0x0000000082e00000, 0x0000000100000000)
  region size 1024K, 10 young (10240K), 5 survivors (5120K)
 Metaspace       used 58495K, committed 58880K, reserved 1105920K
  class space    used 8323K, committed 8512K, reserved 1048576K
GC Heap History (20 events):
Event: 0.835 GC heap before
{Heap before GC invocations=0 (full 0):
 garbage-first heap   total 129024K, used 23552K [0x0000000082e00000, 0x0000000100000000)
  region size 1024K, 23 young (23552K), 0 survivors (0K)
 Metaspace       used 8067K, committed 8256K, reserved 1056768K
  class space    used 1046K, committed 1152K, reserved 1048576K
}
Event: 0.844 GC heap after
{Heap after GC invocations=1 (full 0):
 garbage-first heap   total 129024K, used 7301K [0x0000000082e00000, 0x0000000100000000)
  region size 1024K, 3 young (3072K), 3 survivors (3072K)
 Metaspace       used 8067K, committed 8256K, reserved 1056768K
  class space    used 1046K, committed 1152K, reserved 1048576K
}
Event: 1.164 GC heap before
{Heap before GC invocations=1 (full 0):
 garbage-first heap   total 129024K, used 31877K [0x0000000082e00000, 0x0000000100000000)
  region size 1024K, 28 young (28672K), 3 survivors (3072K)
 Metaspace       used 13125K, committed 13376K, reserved 1064960K
  class space    used 1872K, committed 1984K, reserved 1048576K
}
Event: 1.169 GC heap after
{Heap after GC invocations=2 (full 0):
 garbage-first heap   total 129024K, used 9401K [0x0000000082e00000, 0x0000000100000000)
  region size 1024K, 2 young (2048K), 2 survivors (2048K)
 Metaspace       used 13125K, committed 13376K, reserved 1064960K
  class space    used 1872K, committed 1984K, reserved 1048576K
}
Event: 1.723 GC heap before
{Heap before GC invocations=2 (full 0):
 garbage-first heap   total 129024K, used 57529K [0x0000000082e00000, 0x0000000100000000)
  region size 1024K, 50 young (51200K), 2 survivors (2048K)
 Metaspace       used 21333K, committed 21504K, reserved 1073152K
  class space    used 2932K, committed 3008K, reserved 1048576K
}
Event: 1.731 GC heap after
{Heap after GC invocations=3 (full 0):
 garbage-first heap   total 129024K, used 12600K [0x0000000082e00000, 0x0000000100000000)
  region size 1024K, 6 young (6144K), 6 survivors (6144K)
 Metaspace       used 21333K, committed 21504K, reserved 1073152K
  class space    used 2932K, committed 3008K, reserved 1048576K
}
Event: 2.187 GC heap before
{Heap before GC invocations=4 (full 0):
 garbage-first heap   total 51200K, used 37176K [0x0000000082e00000, 0x0000000100000000)
  region size 1024K, 30 young (30720K), 6 survivors (6144K)
 Metaspace       used 25317K, committed 25728K, reserved 1073152K
  class space    used 3565K, committed 3776K, reserved 1048576K
}
Event: 2.200 GC heap after
{Heap after GC invocations=5 (full 0):
 garbage-first heap   total 51200K, used 14741K [0x0000000082e00000, 0x0000000100000000)
  region size 1024K, 3 young (3072K), 3 survivors (3072K)
 Metaspace       used 25317K, committed 25728K, reserved 1073152K
  class space    used 3565K, committed 3776K, reserved 1048576K
}
Event: 2.219 GC heap before
{Heap before GC invocations=5 (full 0):
 garbage-first heap   total 51200K, used 15765K [0x0000000082e00000, 0x0000000100000000)
  region size 1024K, 4 young (4096K), 3 survivors (3072K)
 Metaspace       used 25459K, committed 25792K, reserved 1073152K
  class space    used 3593K, committed 3776K, reserved 1048576K
}
Event: 2.225 GC heap after
{Heap after GC invocations=6 (full 0):
 garbage-first heap   total 51200K, used 15249K [0x0000000082e00000, 0x0000000100000000)
  region size 1024K, 1 young (1024K), 1 survivors (1024K)
 Metaspace       used 25459K, committed 25792K, reserved 1073152K
  class space    used 3593K, committed 3776K, reserved 1048576K
}
Event: 2.585 GC heap before
{Heap before GC invocations=6 (full 0):
 garbage-first heap   total 51200K, used 34705K [0x0000000082e00000, 0x0000000100000000)
  region size 1024K, 20 young (20480K), 1 survivors (1024K)
 Metaspace       used 28727K, committed 29120K, reserved 1081344K
  class space    used 4050K, committed 4224K, reserved 1048576K
}
Event: 2.589 GC heap after
{Heap after GC invocations=7 (full 0):
 garbage-first heap   total 51200K, used 16882K [0x0000000082e00000, 0x0000000100000000)
  region size 1024K, 3 young (3072K), 3 survivors (3072K)
 Metaspace       used 28727K, committed 29120K, reserved 1081344K
  class space    used 4050K, committed 4224K, reserved 1048576K
}
Event: 3.038 GC heap before
{Heap before GC invocations=7 (full 0):
 garbage-first heap   total 51200K, used 33266K [0x0000000082e00000, 0x0000000100000000)
  region size 1024K, 20 young (20480K), 3 survivors (3072K)
 Metaspace       used 35707K, committed 36096K, reserved 1081344K
  class space    used 4899K, committed 5120K, reserved 1048576K
}
Event: 3.042 GC heap after
{Heap after GC invocations=8 (full 0):
 garbage-first heap   total 97280K, used 18881K [0x0000000082e00000, 0x0000000100000000)
  region size 1024K, 3 young (3072K), 3 survivors (3072K)
 Metaspace       used 35707K, committed 36096K, reserved 1081344K
  class space    used 4899K, committed 5120K, reserved 1048576K
}
Event: 3.780 GC heap before
{Heap before GC invocations=9 (full 0):
 garbage-first heap   total 71680K, used 58817K [0x0000000082e00000, 0x0000000100000000)
  region size 1024K, 42 young (43008K), 3 survivors (3072K)
 Metaspace       used 45322K, committed 45824K, reserved 1089536K
  class space    used 6302K, committed 6528K, reserved 1048576K
}
Event: 3.783 GC heap after
{Heap after GC invocations=10 (full 0):
 garbage-first heap   total 71680K, used 21169K [0x0000000082e00000, 0x0000000100000000)
  region size 1024K, 5 young (5120K), 5 survivors (5120K)
 Metaspace       used 45322K, committed 45824K, reserved 1089536K
  class space    used 6302K, committed 6528K, reserved 1048576K
}
Event: 4.389 GC heap before
{Heap before GC invocations=10 (full 0):
 garbage-first heap   total 71680K, used 52913K [0x0000000082e00000, 0x0000000100000000)
  region size 1024K, 36 young (36864K), 5 survivors (5120K)
 Metaspace       used 53454K, committed 53888K, reserved 1097728K
  class space    used 7613K, committed 7808K, reserved 1048576K
}
Event: 4.393 GC heap after
{Heap after GC invocations=11 (full 0):
 garbage-first heap   total 71680K, used 23098K [0x0000000082e00000, 0x0000000100000000)
  region size 1024K, 5 young (5120K), 5 survivors (5120K)
 Metaspace       used 53454K, committed 53888K, reserved 1097728K
  class space    used 7613K, committed 7808K, reserved 1048576K
}
Event: 4.918 GC heap before
{Heap before GC invocations=11 (full 0):
 garbage-first heap   total 71680K, used 53818K [0x0000000082e00000, 0x0000000100000000)
  region size 1024K, 35 young (35840K), 5 survivors (5120K)
 Metaspace       used 57854K, committed 58304K, reserved 1105920K
  class space    used 8243K, committed 8448K, reserved 1048576K
}
Event: 4.923 GC heap after
{Heap after GC invocations=12 (full 0):
 garbage-first heap   total 71680K, used 25543K [0x0000000082e00000, 0x0000000100000000)
  region size 1024K, 5 young (5120K), 5 survivors (5120K)
 Metaspace       used 57854K, committed 58304K, reserved 1105920K
  class space    used 8243K, committed 8448K, reserved 1048576K
}

